[2026-02-09 04:41:22,797] INFO: Starting fraud detection system integration...
[2026-02-09 04:41:22,797] INFO: Fraud Detection System initialized
[2026-02-09 04:41:22,797] INFO: 
================================================================================
[2026-02-09 04:41:22,797] INFO: STAGE 1: DATA LOADING & VALIDATION
[2026-02-09 04:41:22,797] INFO: ================================================================================
[2026-02-09 04:41:22,798] INFO: [STAGE 1] Loading data...
[2026-02-09 04:41:22,986] INFO: ✓ Loaded 14,640 transactions with 124 features
[2026-02-09 04:41:22,986] INFO: [QUALITY] Running data validation...
[2026-02-09 04:41:23,067] INFO:    Data Quality Report:
[2026-02-09 04:41:23,067] INFO:    • total_rows: 14640
[2026-02-09 04:41:23,067] INFO:    • total_columns: 124
[2026-02-09 04:41:23,067] INFO:    • missing_values: 0
[2026-02-09 04:41:23,067] INFO:    • duplicate_rows: 0
[2026-02-09 04:41:23,067] INFO:    • numeric_columns: 115
[2026-02-09 04:41:23,067] INFO:    • categorical_columns: 9
[2026-02-09 04:41:23,068] INFO: 
================================================================================
[2026-02-09 04:41:23,068] INFO: STAGE 2: FEATURE ENGINEERING VALIDATION
[2026-02-09 04:41:23,068] INFO: ================================================================================
[2026-02-09 04:41:23,068] INFO: [STAGE 2] Validating engineered features...
[2026-02-09 04:41:23,068] INFO:    velocity       : 3/3 features present
[2026-02-09 04:41:23,068] INFO:    amount         : 2/2 features present
[2026-02-09 04:41:23,068] INFO:    device         : 2/2 features present
[2026-02-09 04:41:23,068] INFO:    merchant       : 2/2 features present
[2026-02-09 04:41:23,068] INFO:    temporal       : 2/2 features present
[2026-02-09 04:41:23,068] INFO:    behavioral     : 2/2 features present
[2026-02-09 04:41:23,068] INFO: 
================================================================================
[2026-02-09 04:41:23,068] INFO: STAGE 3: MODEL LOADING
[2026-02-09 04:41:23,069] INFO: ================================================================================
[2026-02-09 04:41:23,069] INFO: [STAGE 3] Loading trained model...
[2026-02-09 04:41:24,006] INFO: ✓ Model loaded successfully
[2026-02-09 04:41:24,007] INFO:   • Base models: 8
[2026-02-09 04:41:24,007] INFO:   • Classes: ['High', 'Low', 'Medium']
[2026-02-09 04:41:24,007] INFO: [METRICS] Model Performance:
[2026-02-09 04:41:24,007] INFO:    • Accuracy: 0.9285
[2026-02-09 04:41:24,008] INFO:    • Recall Weighted: 0.9285
[2026-02-09 04:41:24,008] INFO:    • Precision Weighted: 0.9279
[2026-02-09 04:41:24,008] INFO:    • F1 Weighted: 0.9263
[2026-02-09 04:41:24,008] INFO: 
================================================================================
[2026-02-09 04:41:24,008] INFO: STAGE 4: TRANSACTION SCORING
[2026-02-09 04:41:24,008] INFO: ================================================================================
[2026-02-09 04:41:24,008] INFO: [SCORING] Scoring 14,640 transactions...
[2026-02-09 04:41:24,012] INFO: Initializing Fraud Scoring Service...
[2026-02-09 04:41:24,302] INFO: ✓ Model loaded with 49 features
[2026-02-09 04:41:24,303] INFO: ✓ Risk classes: ['High', 'Low', 'Medium']
[2026-02-09 04:41:24,303] INFO: ✓ Base models: 8 signal groups
[2026-02-09 04:41:24,303] INFO: Scoring 14640 transactions...
[2026-02-09 04:41:25,467] INFO: ✓ Scored 14640 transactions
[2026-02-09 04:41:25,467] INFO:   • Fraud Flagged: 5132 (35.05%)
[2026-02-09 04:41:25,467] INFO:   • Average Risk Score: 98.81/100
[2026-02-09 04:41:25,468] INFO: ✓ Scored 14,640 transactions
[2026-02-09 04:41:25,468] INFO:   • Fraud Flagged: 5132 (35.05%)
[2026-02-09 04:41:25,468] INFO:   • Avg Risk Score: 98.81/100
[2026-02-09 04:41:25,468] INFO: 
================================================================================
[2026-02-09 04:41:25,469] INFO: STAGE 5: ANALYSIS & REPORTING
[2026-02-09 04:41:25,469] INFO: ================================================================================
[2026-02-09 04:41:25,469] INFO: [REPORTING] Generating system analysis report...
[2026-02-09 04:41:25,478] INFO: ✓ Report saved: fraud_system_output/system_report_20260209_044125.json
[2026-02-09 04:41:25,479] INFO: 
================================================================================
[2026-02-09 04:41:25,479] INFO: STAGE 6: DEPLOYMENT READINESS
[2026-02-09 04:41:25,479] INFO: ================================================================================
[2026-02-09 04:41:25,479] INFO: [DEPLOYMENT] Checking production readiness...
[2026-02-09 04:41:25,479] INFO: 
================================================================================
[2026-02-09 04:41:25,479] INFO: STAGE 7: DATA EXPORT
[2026-02-09 04:41:25,479] INFO: ================================================================================
[2026-02-09 04:41:25,547] INFO: ✓ Exported: fraud_system_output/scored_transactions_20260209_044125.csv
[2026-02-09 04:41:25,585] INFO: ✓ Exported 5,132 high-risk transactions to fraud_system_output/high_risk_transactions.csv
[2026-02-09 04:41:25,585] INFO: 
================================================================================
[2026-02-09 04:41:25,585] INFO: EXECUTIVE SUMMARY
[2026-02-09 04:41:25,585] INFO: ================================================================================
[2026-02-09 04:41:25,658] INFO: 
================================================================================
[2026-02-09 04:41:25,659] INFO: ✓ FRAUD DETECTION SYSTEM INTEGRATION COMPLETE
[2026-02-09 04:41:25,659] INFO: ================================================================================

